The system is: Linux - 4.0.0-0.rc5.git4.1.fc22.x86_64 - x86_64
Compiling the C compiler identification source file "CMakeCCompilerId.c" succeeded.
Compiler: /bin/cc 
Build flags: 
Id flags: 

The output was:
0


Compilation of the C compiler identification source "CMakeCCompilerId.c" produced "a.out"

The C compiler identification is GNU, found in "/home/jackson/code/qt/QtServer/QtServer-build/CMakeFiles/3.2.1/CompilerIdC/a.out"

Compiling the CXX compiler identification source file "CMakeCXXCompilerId.cpp" succeeded.
Compiler: /bin/c++ 
Build flags: 
Id flags: 

The output was:
0


Compilation of the CXX compiler identification source "CMakeCXXCompilerId.cpp" produced "a.out"

The CXX compiler identification is GNU, found in "/home/jackson/code/qt/QtServer/QtServer-build/CMakeFiles/3.2.1/CompilerIdCXX/a.out"

Determining if the C compiler works passed with the following output:
Change Dir: /home/jackson/code/qt/QtServer/QtServer-build/CMakeFiles/CMakeTmp

Run Build Command:"/bin/gmake" "cmTryCompileExec1217921151/fast"
/bin/gmake -f CMakeFiles/cmTryCompileExec1217921151.dir/build.make CMakeFiles/cmTryCompileExec1217921151.dir/build
gmake[1]: Entering directory '/home/jackson/code/qt/QtServer/QtServer-build/CMakeFiles/CMakeTmp'
/usr/bin/cmake -E cmake_progress_report /home/jackson/code/qt/QtServer/QtServer-build/CMakeFiles/CMakeTmp/CMakeFiles 1
Building C object CMakeFiles/cmTryCompileExec1217921151.dir/testCCompiler.c.o
/bin/cc    -o CMakeFiles/cmTryCompileExec1217921151.dir/testCCompiler.c.o   -c /home/jackson/code/qt/QtServer/QtServer-build/CMakeFiles/CMakeTmp/testCCompiler.c
Linking C executable cmTryCompileExec1217921151
/usr/bin/cmake -E cmake_link_script CMakeFiles/cmTryCompileExec1217921151.dir/link.txt --verbose=1
/bin/cc       CMakeFiles/cmTryCompileExec1217921151.dir/testCCompiler.c.o  -o cmTryCompileExec1217921151 -rdynamic 
gmake[1]: Leaving directory '/home/jackson/code/qt/QtServer/QtServer-build/CMakeFiles/CMakeTmp'


Detecting C compiler ABI info compiled with the following output:
Change Dir: /home/jackson/code/qt/QtServer/QtServer-build/CMakeFiles/CMakeTmp

Run Build Command:"/bin/gmake" "cmTryCompileExec3702368746/fast"
/bin/gmake -f CMakeFiles/cmTryCompileExec3702368746.dir/build.make CMakeFiles/cmTryCompileExec3702368746.dir/build
gmake[1]: Entering directory '/home/jackson/code/qt/QtServer/QtServer-build/CMakeFiles/CMakeTmp'
/usr/bin/cmake -E cmake_progress_report /home/jackson/code/qt/QtServer/QtServer-build/CMakeFiles/CMakeTmp/CMakeFiles 1
Building C object CMakeFiles/cmTryCompileExec3702368746.dir/CMakeCCompilerABI.c.o
/bin/cc    -o CMakeFiles/cmTryCompileExec3702368746.dir/CMakeCCompilerABI.c.o   -c /usr/share/cmake/Modules/CMakeCCompilerABI.c
Linking C executable cmTryCompileExec3702368746
/usr/bin/cmake -E cmake_link_script CMakeFiles/cmTryCompileExec3702368746.dir/link.txt --verbose=1
/bin/cc      -v CMakeFiles/cmTryCompileExec3702368746.dir/CMakeCCompilerABI.c.o  -o cmTryCompileExec3702368746 -rdynamic  
使用内建 specs。
COLLECT_GCC=/bin/cc
COLLECT_LTO_WRAPPER=/usr/libexec/gcc/x86_64-redhat-linux/5.0.0/lto-wrapper
目标：x86_64-redhat-linux
配置为：../configure --enable-bootstrap --enable-languages=c,c++,objc,obj-c++,fortran,ada,go,lto --prefix=/usr --mandir=/usr/share/man --infodir=/usr/share/info --with-bugurl=http://bugzilla.redhat.com/bugzilla --enable-shared --enable-threads=posix --enable-checking=release --enable-multilib --with-system-zlib --enable-__cxa_atexit --disable-libunwind-exceptions --enable-gnu-unique-object --enable-linker-build-id --with-linker-hash-style=gnu --enable-plugin --enable-initfini-array --disable-libgcj --with-default-libstdcxx-abi=c++98 --with-isl --enable-libmpx --enable-gnu-indirect-function --with-tune=generic --with-arch_32=i686 --build=x86_64-redhat-linux
线程模型：posix
gcc 版本 5.0.0 20150319 (Red Hat 5.0.0-0.21) (GCC) 
COMPILER_PATH=/usr/libexec/gcc/x86_64-redhat-linux/5.0.0/:/usr/libexec/gcc/x86_64-redhat-linux/5.0.0/:/usr/libexec/gcc/x86_64-redhat-linux/:/usr/lib/gcc/x86_64-redhat-linux/5.0.0/:/usr/lib/gcc/x86_64-redhat-linux/
LIBRARY_PATH=/usr/lib/gcc/x86_64-redhat-linux/5.0.0/:/usr/lib/gcc/x86_64-redhat-linux/5.0.0/../../../../lib64/:/lib/../lib64/:/usr/lib/../lib64/:/usr/lib/gcc/x86_64-redhat-linux/5.0.0/../../../:/lib/:/usr/lib/
COLLECT_GCC_OPTIONS='-v' '-o' 'cmTryCompileExec3702368746' '-rdynamic' '-mtune=generic' '-march=x86-64'
 /usr/libexec/gcc/x86_64-redhat-linux/5.0.0/collect2 -plugin /usr/libexec/gcc/x86_64-redhat-linux/5.0.0/liblto_plugin.so -plugin-opt=/usr/libexec/gcc/x86_64-redhat-linux/5.0.0/lto-wrapper -plugin-opt=-fresolution=/tmp/ccwLvYDM.res -plugin-opt=-pass-through=-lgcc -plugin-opt=-pass-through=-lgcc_s -plugin-opt=-pass-through=-lc -plugin-opt=-pass-through=-lgcc -plugin-opt=-pass-through=-lgcc_s --build-id --no-add-needed --eh-frame-hdr --hash-style=gnu -m elf_x86_64 -export-dynamic -dynamic-linker /lib64/ld-linux-x86-64.so.2 -o cmTryCompileExec3702368746 /usr/lib/gcc/x86_64-redhat-linux/5.0.0/../../../../lib64/crt1.o /usr/lib/gcc/x86_64-redhat-linux/5.0.0/../../../../lib64/crti.o /usr/lib/gcc/x86_64-redhat-linux/5.0.0/crtbegin.o -L/usr/lib/gcc/x86_64-redhat-linux/5.0.0 -L/usr/lib/gcc/x86_64-redhat-linux/5.0.0/../../../../lib64 -L/lib/../lib64 -L/usr/lib/../lib64 -L/usr/lib/gcc/x86_64-redhat-linux/5.0.0/../../.. CMakeFiles/cmTryCompileExec3702368746.dir/CMakeCCompilerABI.c.o -lgcc --as-needed -lgcc_s --no-as-needed -lc -lgcc --as-needed -lgcc_s --no-as-needed /usr/lib/gcc/x86_64-redhat-linux/5.0.0/crtend.o /usr/lib/gcc/x86_64-redhat-linux/5.0.0/../../../../lib64/crtn.o
gmake[1]: Leaving directory '/home/jackson/code/qt/QtServer/QtServer-build/CMakeFiles/CMakeTmp'


Parsed C implicit link information from above output:
  link line regex: [^( *|.*[/\])(ld|([^/\]+-)?ld|collect2)[^/\]*( |$)]
  ignore line: [Change Dir: /home/jackson/code/qt/QtServer/QtServer-build/CMakeFiles/CMakeTmp]
  ignore line: []
  ignore line: [Run Build Command:"/bin/gmake" "cmTryCompileExec3702368746/fast"]
  ignore line: [/bin/gmake -f CMakeFiles/cmTryCompileExec3702368746.dir/build.make CMakeFiles/cmTryCompileExec3702368746.dir/build]
  ignore line: [gmake[1]: Entering directory '/home/jackson/code/qt/QtServer/QtServer-build/CMakeFiles/CMakeTmp']
  ignore line: [/usr/bin/cmake -E cmake_progress_report /home/jackson/code/qt/QtServer/QtServer-build/CMakeFiles/CMakeTmp/CMakeFiles 1]
  ignore line: [Building C object CMakeFiles/cmTryCompileExec3702368746.dir/CMakeCCompilerABI.c.o]
  ignore line: [/bin/cc    -o CMakeFiles/cmTryCompileExec3702368746.dir/CMakeCCompilerABI.c.o   -c /usr/share/cmake/Modules/CMakeCCompilerABI.c]
  ignore line: [Linking C executable cmTryCompileExec3702368746]
  ignore line: [/usr/bin/cmake -E cmake_link_script CMakeFiles/cmTryCompileExec3702368746.dir/link.txt --verbose=1]
  ignore line: [/bin/cc      -v CMakeFiles/cmTryCompileExec3702368746.dir/CMakeCCompilerABI.c.o  -o cmTryCompileExec3702368746 -rdynamic  ]
  ignore line: [使用内建 specs。]
  ignore line: [COLLECT_GCC=/bin/cc]
  ignore line: [COLLECT_LTO_WRAPPER=/usr/libexec/gcc/x86_64-redhat-linux/5.0.0/lto-wrapper]
  ignore line: [目标：x86_64-redhat-linux]
  ignore line: [配置为：../configure --enable-bootstrap --enable-languages=c,c++,objc,obj-c++,fortran,ada,go,lto --prefix=/usr --mandir=/usr/share/man --infodir=/usr/share/info --with-bugurl=http://bugzilla.redhat.com/bugzilla --enable-shared --enable-threads=posix --enable-checking=release --enable-multilib --with-system-zlib --enable-__cxa_atexit --disable-libunwind-exceptions --enable-gnu-unique-object --enable-linker-build-id --with-linker-hash-style=gnu --enable-plugin --enable-initfini-array --disable-libgcj --with-default-libstdcxx-abi=c++98 --with-isl --enable-libmpx --enable-gnu-indirect-function --with-tune=generic --with-arch_32=i686 --build=x86_64-redhat-linux]
  ignore line: [线程模型：posix]
  ignore line: [gcc 版本 5.0.0 20150319 (Red Hat 5.0.0-0.21) (GCC) ]
  ignore line: [COMPILER_PATH=/usr/libexec/gcc/x86_64-redhat-linux/5.0.0/:/usr/libexec/gcc/x86_64-redhat-linux/5.0.0/:/usr/libexec/gcc/x86_64-redhat-linux/:/usr/lib/gcc/x86_64-redhat-linux/5.0.0/:/usr/lib/gcc/x86_64-redhat-linux/]
  ignore line: [LIBRARY_PATH=/usr/lib/gcc/x86_64-redhat-linux/5.0.0/:/usr/lib/gcc/x86_64-redhat-linux/5.0.0/../../../../lib64/:/lib/../lib64/:/usr/lib/../lib64/:/usr/lib/gcc/x86_64-redhat-linux/5.0.0/../../../:/lib/:/usr/lib/]
  ignore line: [COLLECT_GCC_OPTIONS='-v' '-o' 'cmTryCompileExec3702368746' '-rdynamic' '-mtune=generic' '-march=x86-64']
  link line: [ /usr/libexec/gcc/x86_64-redhat-linux/5.0.0/collect2 -plugin /usr/libexec/gcc/x86_64-redhat-linux/5.0.0/liblto_plugin.so -plugin-opt=/usr/libexec/gcc/x86_64-redhat-linux/5.0.0/lto-wrapper -plugin-opt=-fresolution=/tmp/ccwLvYDM.res -plugin-opt=-pass-through=-lgcc -plugin-opt=-pass-through=-lgcc_s -plugin-opt=-pass-through=-lc -plugin-opt=-pass-through=-lgcc -plugin-opt=-pass-through=-lgcc_s --build-id --no-add-needed --eh-frame-hdr --hash-style=gnu -m elf_x86_64 -export-dynamic -dynamic-linker /lib64/ld-linux-x86-64.so.2 -o cmTryCompileExec3702368746 /usr/lib/gcc/x86_64-redhat-linux/5.0.0/../../../../lib64/crt1.o /usr/lib/gcc/x86_64-redhat-linux/5.0.0/../../../../lib64/crti.o /usr/lib/gcc/x86_64-redhat-linux/5.0.0/crtbegin.o -L/usr/lib/gcc/x86_64-redhat-linux/5.0.0 -L/usr/lib/gcc/x86_64-redhat-linux/5.0.0/../../../../lib64 -L/lib/../lib64 -L/usr/lib/../lib64 -L/usr/lib/gcc/x86_64-redhat-linux/5.0.0/../../.. CMakeFiles/cmTryCompileExec3702368746.dir/CMakeCCompilerABI.c.o -lgcc --as-needed -lgcc_s --no-as-needed -lc -lgcc --as-needed -lgcc_s --no-as-needed /usr/lib/gcc/x86_64-redhat-linux/5.0.0/crtend.o /usr/lib/gcc/x86_64-redhat-linux/5.0.0/../../../../lib64/crtn.o]
    arg [/usr/libexec/gcc/x86_64-redhat-linux/5.0.0/collect2] ==> ignore
    arg [-plugin] ==> ignore
    arg [/usr/libexec/gcc/x86_64-redhat-linux/5.0.0/liblto_plugin.so] ==> ignore
    arg [-plugin-opt=/usr/libexec/gcc/x86_64-redhat-linux/5.0.0/lto-wrapper] ==> ignore
    arg [-plugin-opt=-fresolution=/tmp/ccwLvYDM.res] ==> ignore
    arg [-plugin-opt=-pass-through=-lgcc] ==> ignore
    arg [-plugin-opt=-pass-through=-lgcc_s] ==> ignore
    arg [-plugin-opt=-pass-through=-lc] ==> ignore
    arg [-plugin-opt=-pass-through=-lgcc] ==> ignore
    arg [-plugin-opt=-pass-through=-lgcc_s] ==> ignore
    arg [--build-id] ==> ignore
    arg [--no-add-needed] ==> ignore
    arg [--eh-frame-hdr] ==> ignore
    arg [--hash-style=gnu] ==> ignore
    arg [-m] ==> ignore
    arg [elf_x86_64] ==> ignore
    arg [-export-dynamic] ==> ignore
    arg [-dynamic-linker] ==> ignore
    arg [/lib64/ld-linux-x86-64.so.2] ==> ignore
    arg [-o] ==> ignore
    arg [cmTryCompileExec3702368746] ==> ignore
    arg [/usr/lib/gcc/x86_64-redhat-linux/5.0.0/../../../../lib64/crt1.o] ==> ignore
    arg [/usr/lib/gcc/x86_64-redhat-linux/5.0.0/../../../../lib64/crti.o] ==> ignore
    arg [/usr/lib/gcc/x86_64-redhat-linux/5.0.0/crtbegin.o] ==> ignore
    arg [-L/usr/lib/gcc/x86_64-redhat-linux/5.0.0] ==> dir [/usr/lib/gcc/x86_64-redhat-linux/5.0.0]
    arg [-L/usr/lib/gcc/x86_64-redhat-linux/5.0.0/../../../../lib64] ==> dir [/usr/lib/gcc/x86_64-redhat-linux/5.0.0/../../../../lib64]
    arg [-L/lib/../lib64] ==> dir [/lib/../lib64]
    arg [-L/usr/lib/../lib64] ==> dir [/usr/lib/../lib64]
    arg [-L/usr/lib/gcc/x86_64-redhat-linux/5.0.0/../../..] ==> dir [/usr/lib/gcc/x86_64-redhat-linux/5.0.0/../../..]
    arg [CMakeFiles/cmTryCompileExec3702368746.dir/CMakeCCompilerABI.c.o] ==> ignore
    arg [-lgcc] ==> lib [gcc]
    arg [--as-needed] ==> ignore
    arg [-lgcc_s] ==> lib [gcc_s]
    arg [--no-as-needed] ==> ignore
    arg [-lc] ==> lib [c]
    arg [-lgcc] ==> lib [gcc]
    arg [--as-needed] ==> ignore
    arg [-lgcc_s] ==> lib [gcc_s]
    arg [--no-as-needed] ==> ignore
    arg [/usr/lib/gcc/x86_64-redhat-linux/5.0.0/crtend.o] ==> ignore
    arg [/usr/lib/gcc/x86_64-redhat-linux/5.0.0/../../../../lib64/crtn.o] ==> ignore
  remove lib [gcc]
  remove lib [gcc_s]
  remove lib [gcc]
  remove lib [gcc_s]
  collapse library dir [/usr/lib/gcc/x86_64-redhat-linux/5.0.0] ==> [/usr/lib/gcc/x86_64-redhat-linux/5.0.0]
  collapse library dir [/usr/lib/gcc/x86_64-redhat-linux/5.0.0/../../../../lib64] ==> [/usr/lib64]
  collapse library dir [/lib/../lib64] ==> [/lib64]
  collapse library dir [/usr/lib/../lib64] ==> [/usr/lib64]
  collapse library dir [/usr/lib/gcc/x86_64-redhat-linux/5.0.0/../../..] ==> [/usr/lib]
  implicit libs: [c]
  implicit dirs: [/usr/lib/gcc/x86_64-redhat-linux/5.0.0;/usr/lib64;/lib64;/usr/lib]
  implicit fwks: []




Detecting C [-std=c11] compiler features compiled with the following output:
Change Dir: /home/jackson/code/qt/QtServer/QtServer-build/CMakeFiles/CMakeTmp

Run Build Command:"/bin/gmake" "cmTryCompileExec4242592300/fast"
/bin/gmake -f CMakeFiles/cmTryCompileExec4242592300.dir/build.make CMakeFiles/cmTryCompileExec4242592300.dir/build
gmake[1]: Entering directory '/home/jackson/code/qt/QtServer/QtServer-build/CMakeFiles/CMakeTmp'
/usr/bin/cmake -E cmake_progress_report /home/jackson/code/qt/QtServer/QtServer-build/CMakeFiles/CMakeTmp/CMakeFiles 1
Building C object CMakeFiles/cmTryCompileExec4242592300.dir/feature_tests.c.o
/bin/cc   -std=c11 -o CMakeFiles/cmTryCompileExec4242592300.dir/feature_tests.c.o   -c /home/jackson/code/qt/QtServer/QtServer-build/CMakeFiles/feature_tests.c
Linking C executable cmTryCompileExec4242592300
/usr/bin/cmake -E cmake_link_script CMakeFiles/cmTryCompileExec4242592300.dir/link.txt --verbose=1
/bin/cc       CMakeFiles/cmTryCompileExec4242592300.dir/feature_tests.c.o  -o cmTryCompileExec4242592300 -rdynamic 
gmake[1]: Leaving directory '/home/jackson/code/qt/QtServer/QtServer-build/CMakeFiles/CMakeTmp'


    Feature record: C_FEATURE:1c_function_prototypes
    Feature record: C_FEATURE:1c_restrict
    Feature record: C_FEATURE:1c_static_assert
    Feature record: C_FEATURE:1c_variadic_macros


Detecting C [-std=c99] compiler features compiled with the following output:
Change Dir: /home/jackson/code/qt/QtServer/QtServer-build/CMakeFiles/CMakeTmp

Run Build Command:"/bin/gmake" "cmTryCompileExec208327016/fast"
/bin/gmake -f CMakeFiles/cmTryCompileExec208327016.dir/build.make CMakeFiles/cmTryCompileExec208327016.dir/build
gmake[1]: Entering directory '/home/jackson/code/qt/QtServer/QtServer-build/CMakeFiles/CMakeTmp'
/usr/bin/cmake -E cmake_progress_report /home/jackson/code/qt/QtServer/QtServer-build/CMakeFiles/CMakeTmp/CMakeFiles 1
Building C object CMakeFiles/cmTryCompileExec208327016.dir/feature_tests.c.o
/bin/cc   -std=c99 -o CMakeFiles/cmTryCompileExec208327016.dir/feature_tests.c.o   -c /home/jackson/code/qt/QtServer/QtServer-build/CMakeFiles/feature_tests.c
Linking C executable cmTryCompileExec208327016
/usr/bin/cmake -E cmake_link_script CMakeFiles/cmTryCompileExec208327016.dir/link.txt --verbose=1
/bin/cc       CMakeFiles/cmTryCompileExec208327016.dir/feature_tests.c.o  -o cmTryCompileExec208327016 -rdynamic 
gmake[1]: Leaving directory '/home/jackson/code/qt/QtServer/QtServer-build/CMakeFiles/CMakeTmp'


    Feature record: C_FEATURE:1c_function_prototypes
    Feature record: C_FEATURE:1c_restrict
    Feature record: C_FEATURE:0c_static_assert
    Feature record: C_FEATURE:1c_variadic_macros


Detecting C [-std=c90] compiler features compiled with the following output:
Change Dir: /home/jackson/code/qt/QtServer/QtServer-build/CMakeFiles/CMakeTmp

Run Build Command:"/bin/gmake" "cmTryCompileExec74359119/fast"
/bin/gmake -f CMakeFiles/cmTryCompileExec74359119.dir/build.make CMakeFiles/cmTryCompileExec74359119.dir/build
gmake[1]: Entering directory '/home/jackson/code/qt/QtServer/QtServer-build/CMakeFiles/CMakeTmp'
/usr/bin/cmake -E cmake_progress_report /home/jackson/code/qt/QtServer/QtServer-build/CMakeFiles/CMakeTmp/CMakeFiles 1
Building C object CMakeFiles/cmTryCompileExec74359119.dir/feature_tests.c.o
/bin/cc   -std=c90 -o CMakeFiles/cmTryCompileExec74359119.dir/feature_tests.c.o   -c /home/jackson/code/qt/QtServer/QtServer-build/CMakeFiles/feature_tests.c
Linking C executable cmTryCompileExec74359119
/usr/bin/cmake -E cmake_link_script CMakeFiles/cmTryCompileExec74359119.dir/link.txt --verbose=1
/bin/cc       CMakeFiles/cmTryCompileExec74359119.dir/feature_tests.c.o  -o cmTryCompileExec74359119 -rdynamic 
gmake[1]: Leaving directory '/home/jackson/code/qt/QtServer/QtServer-build/CMakeFiles/CMakeTmp'


    Feature record: C_FEATURE:1c_function_prototypes
    Feature record: C_FEATURE:0c_restrict
    Feature record: C_FEATURE:0c_static_assert
    Feature record: C_FEATURE:0c_variadic_macros
Determining if the CXX compiler works passed with the following output:
Change Dir: /home/jackson/code/qt/QtServer/QtServer-build/CMakeFiles/CMakeTmp

Run Build Command:"/bin/gmake" "cmTryCompileExec3656613336/fast"
/bin/gmake -f CMakeFiles/cmTryCompileExec3656613336.dir/build.make CMakeFiles/cmTryCompileExec3656613336.dir/build
gmake[1]: Entering directory '/home/jackson/code/qt/QtServer/QtServer-build/CMakeFiles/CMakeTmp'
/usr/bin/cmake -E cmake_progress_report /home/jackson/code/qt/QtServer/QtServer-build/CMakeFiles/CMakeTmp/CMakeFiles 1
Building CXX object CMakeFiles/cmTryCompileExec3656613336.dir/testCXXCompiler.cxx.o
/bin/c++     -o CMakeFiles/cmTryCompileExec3656613336.dir/testCXXCompiler.cxx.o -c /home/jackson/code/qt/QtServer/QtServer-build/CMakeFiles/CMakeTmp/testCXXCompiler.cxx
Linking CXX executable cmTryCompileExec3656613336
/usr/bin/cmake -E cmake_link_script CMakeFiles/cmTryCompileExec3656613336.dir/link.txt --verbose=1
/bin/c++        CMakeFiles/cmTryCompileExec3656613336.dir/testCXXCompiler.cxx.o  -o cmTryCompileExec3656613336 -rdynamic 
gmake[1]: Leaving directory '/home/jackson/code/qt/QtServer/QtServer-build/CMakeFiles/CMakeTmp'


Detecting CXX compiler ABI info compiled with the following output:
Change Dir: /home/jackson/code/qt/QtServer/QtServer-build/CMakeFiles/CMakeTmp

Run Build Command:"/bin/gmake" "cmTryCompileExec1348122589/fast"
/bin/gmake -f CMakeFiles/cmTryCompileExec1348122589.dir/build.make CMakeFiles/cmTryCompileExec1348122589.dir/build
gmake[1]: Entering directory '/home/jackson/code/qt/QtServer/QtServer-build/CMakeFiles/CMakeTmp'
/usr/bin/cmake -E cmake_progress_report /home/jackson/code/qt/QtServer/QtServer-build/CMakeFiles/CMakeTmp/CMakeFiles 1
Building CXX object CMakeFiles/cmTryCompileExec1348122589.dir/CMakeCXXCompilerABI.cpp.o
/bin/c++     -o CMakeFiles/cmTryCompileExec1348122589.dir/CMakeCXXCompilerABI.cpp.o -c /usr/share/cmake/Modules/CMakeCXXCompilerABI.cpp
Linking CXX executable cmTryCompileExec1348122589
/usr/bin/cmake -E cmake_link_script CMakeFiles/cmTryCompileExec1348122589.dir/link.txt --verbose=1
/bin/c++       -v CMakeFiles/cmTryCompileExec1348122589.dir/CMakeCXXCompilerABI.cpp.o  -o cmTryCompileExec1348122589 -rdynamic  
使用内建 specs。
COLLECT_GCC=/bin/c++
COLLECT_LTO_WRAPPER=/usr/libexec/gcc/x86_64-redhat-linux/5.0.0/lto-wrapper
目标：x86_64-redhat-linux
配置为：../configure --enable-bootstrap --enable-languages=c,c++,objc,obj-c++,fortran,ada,go,lto --prefix=/usr --mandir=/usr/share/man --infodir=/usr/share/info --with-bugurl=http://bugzilla.redhat.com/bugzilla --enable-shared --enable-threads=posix --enable-checking=release --enable-multilib --with-system-zlib --enable-__cxa_atexit --disable-libunwind-exceptions --enable-gnu-unique-object --enable-linker-build-id --with-linker-hash-style=gnu --enable-plugin --enable-initfini-array --disable-libgcj --with-default-libstdcxx-abi=c++98 --with-isl --enable-libmpx --enable-gnu-indirect-function --with-tune=generic --with-arch_32=i686 --build=x86_64-redhat-linux
线程模型：posix
gcc 版本 5.0.0 20150319 (Red Hat 5.0.0-0.21) (GCC) 
COMPILER_PATH=/usr/libexec/gcc/x86_64-redhat-linux/5.0.0/:/usr/libexec/gcc/x86_64-redhat-linux/5.0.0/:/usr/libexec/gcc/x86_64-redhat-linux/:/usr/lib/gcc/x86_64-redhat-linux/5.0.0/:/usr/lib/gcc/x86_64-redhat-linux/
LIBRARY_PATH=/usr/lib/gcc/x86_64-redhat-linux/5.0.0/:/usr/lib/gcc/x86_64-redhat-linux/5.0.0/../../../../lib64/:/lib/../lib64/:/usr/lib/../lib64/:/usr/lib/gcc/x86_64-redhat-linux/5.0.0/../../../:/lib/:/usr/lib/
COLLECT_GCC_OPTIONS='-v' '-o' 'cmTryCompileExec1348122589' '-rdynamic' '-shared-libgcc' '-mtune=generic' '-march=x86-64'
 /usr/libexec/gcc/x86_64-redhat-linux/5.0.0/collect2 -plugin /usr/libexec/gcc/x86_64-redhat-linux/5.0.0/liblto_plugin.so -plugin-opt=/usr/libexec/gcc/x86_64-redhat-linux/5.0.0/lto-wrapper -plugin-opt=-fresolution=/tmp/ccG9I8Nl.res -plugin-opt=-pass-through=-lgcc_s -plugin-opt=-pass-through=-lgcc -plugin-opt=-pass-through=-lc -plugin-opt=-pass-through=-lgcc_s -plugin-opt=-pass-through=-lgcc --build-id --no-add-needed --eh-frame-hdr --hash-style=gnu -m elf_x86_64 -export-dynamic -dynamic-linker /lib64/ld-linux-x86-64.so.2 -o cmTryCompileExec1348122589 /usr/lib/gcc/x86_64-redhat-linux/5.0.0/../../../../lib64/crt1.o /usr/lib/gcc/x86_64-redhat-linux/5.0.0/../../../../lib64/crti.o /usr/lib/gcc/x86_64-redhat-linux/5.0.0/crtbegin.o -L/usr/lib/gcc/x86_64-redhat-linux/5.0.0 -L/usr/lib/gcc/x86_64-redhat-linux/5.0.0/../../../../lib64 -L/lib/../lib64 -L/usr/lib/../lib64 -L/usr/lib/gcc/x86_64-redhat-linux/5.0.0/../../.. CMakeFiles/cmTryCompileExec1348122589.dir/CMakeCXXCompilerABI.cpp.o -lstdc++ -lm -lgcc_s -lgcc -lc -lgcc_s -lgcc /usr/lib/gcc/x86_64-redhat-linux/5.0.0/crtend.o /usr/lib/gcc/x86_64-redhat-linux/5.0.0/../../../../lib64/crtn.o
gmake[1]: Leaving directory '/home/jackson/code/qt/QtServer/QtServer-build/CMakeFiles/CMakeTmp'


Parsed CXX implicit link information from above output:
  link line regex: [^( *|.*[/\])(ld|([^/\]+-)?ld|collect2)[^/\]*( |$)]
  ignore line: [Change Dir: /home/jackson/code/qt/QtServer/QtServer-build/CMakeFiles/CMakeTmp]
  ignore line: []
  ignore line: [Run Build Command:"/bin/gmake" "cmTryCompileExec1348122589/fast"]
  ignore line: [/bin/gmake -f CMakeFiles/cmTryCompileExec1348122589.dir/build.make CMakeFiles/cmTryCompileExec1348122589.dir/build]
  ignore line: [gmake[1]: Entering directory '/home/jackson/code/qt/QtServer/QtServer-build/CMakeFiles/CMakeTmp']
  ignore line: [/usr/bin/cmake -E cmake_progress_report /home/jackson/code/qt/QtServer/QtServer-build/CMakeFiles/CMakeTmp/CMakeFiles 1]
  ignore line: [Building CXX object CMakeFiles/cmTryCompileExec1348122589.dir/CMakeCXXCompilerABI.cpp.o]
  ignore line: [/bin/c++     -o CMakeFiles/cmTryCompileExec1348122589.dir/CMakeCXXCompilerABI.cpp.o -c /usr/share/cmake/Modules/CMakeCXXCompilerABI.cpp]
  ignore line: [Linking CXX executable cmTryCompileExec1348122589]
  ignore line: [/usr/bin/cmake -E cmake_link_script CMakeFiles/cmTryCompileExec1348122589.dir/link.txt --verbose=1]
  ignore line: [/bin/c++       -v CMakeFiles/cmTryCompileExec1348122589.dir/CMakeCXXCompilerABI.cpp.o  -o cmTryCompileExec1348122589 -rdynamic  ]
  ignore line: [使用内建 specs。]
  ignore line: [COLLECT_GCC=/bin/c++]
  ignore line: [COLLECT_LTO_WRAPPER=/usr/libexec/gcc/x86_64-redhat-linux/5.0.0/lto-wrapper]
  ignore line: [目标：x86_64-redhat-linux]
  ignore line: [配置为：../configure --enable-bootstrap --enable-languages=c,c++,objc,obj-c++,fortran,ada,go,lto --prefix=/usr --mandir=/usr/share/man --infodir=/usr/share/info --with-bugurl=http://bugzilla.redhat.com/bugzilla --enable-shared --enable-threads=posix --enable-checking=release --enable-multilib --with-system-zlib --enable-__cxa_atexit --disable-libunwind-exceptions --enable-gnu-unique-object --enable-linker-build-id --with-linker-hash-style=gnu --enable-plugin --enable-initfini-array --disable-libgcj --with-default-libstdcxx-abi=c++98 --with-isl --enable-libmpx --enable-gnu-indirect-function --with-tune=generic --with-arch_32=i686 --build=x86_64-redhat-linux]
  ignore line: [线程模型：posix]
  ignore line: [gcc 版本 5.0.0 20150319 (Red Hat 5.0.0-0.21) (GCC) ]
  ignore line: [COMPILER_PATH=/usr/libexec/gcc/x86_64-redhat-linux/5.0.0/:/usr/libexec/gcc/x86_64-redhat-linux/5.0.0/:/usr/libexec/gcc/x86_64-redhat-linux/:/usr/lib/gcc/x86_64-redhat-linux/5.0.0/:/usr/lib/gcc/x86_64-redhat-linux/]
  ignore line: [LIBRARY_PATH=/usr/lib/gcc/x86_64-redhat-linux/5.0.0/:/usr/lib/gcc/x86_64-redhat-linux/5.0.0/../../../../lib64/:/lib/../lib64/:/usr/lib/../lib64/:/usr/lib/gcc/x86_64-redhat-linux/5.0.0/../../../:/lib/:/usr/lib/]
  ignore line: [COLLECT_GCC_OPTIONS='-v' '-o' 'cmTryCompileExec1348122589' '-rdynamic' '-shared-libgcc' '-mtune=generic' '-march=x86-64']
  link line: [ /usr/libexec/gcc/x86_64-redhat-linux/5.0.0/collect2 -plugin /usr/libexec/gcc/x86_64-redhat-linux/5.0.0/liblto_plugin.so -plugin-opt=/usr/libexec/gcc/x86_64-redhat-linux/5.0.0/lto-wrapper -plugin-opt=-fresolution=/tmp/ccG9I8Nl.res -plugin-opt=-pass-through=-lgcc_s -plugin-opt=-pass-through=-lgcc -plugin-opt=-pass-through=-lc -plugin-opt=-pass-through=-lgcc_s -plugin-opt=-pass-through=-lgcc --build-id --no-add-needed --eh-frame-hdr --hash-style=gnu -m elf_x86_64 -export-dynamic -dynamic-linker /lib64/ld-linux-x86-64.so.2 -o cmTryCompileExec1348122589 /usr/lib/gcc/x86_64-redhat-linux/5.0.0/../../../../lib64/crt1.o /usr/lib/gcc/x86_64-redhat-linux/5.0.0/../../../../lib64/crti.o /usr/lib/gcc/x86_64-redhat-linux/5.0.0/crtbegin.o -L/usr/lib/gcc/x86_64-redhat-linux/5.0.0 -L/usr/lib/gcc/x86_64-redhat-linux/5.0.0/../../../../lib64 -L/lib/../lib64 -L/usr/lib/../lib64 -L/usr/lib/gcc/x86_64-redhat-linux/5.0.0/../../.. CMakeFiles/cmTryCompileExec1348122589.dir/CMakeCXXCompilerABI.cpp.o -lstdc++ -lm -lgcc_s -lgcc -lc -lgcc_s -lgcc /usr/lib/gcc/x86_64-redhat-linux/5.0.0/crtend.o /usr/lib/gcc/x86_64-redhat-linux/5.0.0/../../../../lib64/crtn.o]
    arg [/usr/libexec/gcc/x86_64-redhat-linux/5.0.0/collect2] ==> ignore
    arg [-plugin] ==> ignore
    arg [/usr/libexec/gcc/x86_64-redhat-linux/5.0.0/liblto_plugin.so] ==> ignore
    arg [-plugin-opt=/usr/libexec/gcc/x86_64-redhat-linux/5.0.0/lto-wrapper] ==> ignore
    arg [-plugin-opt=-fresolution=/tmp/ccG9I8Nl.res] ==> ignore
    arg [-plugin-opt=-pass-through=-lgcc_s] ==> ignore
    arg [-plugin-opt=-pass-through=-lgcc] ==> ignore
    arg [-plugin-opt=-pass-through=-lc] ==> ignore
    arg [-plugin-opt=-pass-through=-lgcc_s] ==> ignore
    arg [-plugin-opt=-pass-through=-lgcc] ==> ignore
    arg [--build-id] ==> ignore
    arg [--no-add-needed] ==> ignore
    arg [--eh-frame-hdr] ==> ignore
    arg [--hash-style=gnu] ==> ignore
    arg [-m] ==> ignore
    arg [elf_x86_64] ==> ignore
    arg [-export-dynamic] ==> ignore
    arg [-dynamic-linker] ==> ignore
    arg [/lib64/ld-linux-x86-64.so.2] ==> ignore
    arg [-o] ==> ignore
    arg [cmTryCompileExec1348122589] ==> ignore
    arg [/usr/lib/gcc/x86_64-redhat-linux/5.0.0/../../../../lib64/crt1.o] ==> ignore
    arg [/usr/lib/gcc/x86_64-redhat-linux/5.0.0/../../../../lib64/crti.o] ==> ignore
    arg [/usr/lib/gcc/x86_64-redhat-linux/5.0.0/crtbegin.o] ==> ignore
    arg [-L/usr/lib/gcc/x86_64-redhat-linux/5.0.0] ==> dir [/usr/lib/gcc/x86_64-redhat-linux/5.0.0]
    arg [-L/usr/lib/gcc/x86_64-redhat-linux/5.0.0/../../../../lib64] ==> dir [/usr/lib/gcc/x86_64-redhat-linux/5.0.0/../../../../lib64]
    arg [-L/lib/../lib64] ==> dir [/lib/../lib64]
    arg [-L/usr/lib/../lib64] ==> dir [/usr/lib/../lib64]
    arg [-L/usr/lib/gcc/x86_64-redhat-linux/5.0.0/../../..] ==> dir [/usr/lib/gcc/x86_64-redhat-linux/5.0.0/../../..]
    arg [CMakeFiles/cmTryCompileExec1348122589.dir/CMakeCXXCompilerABI.cpp.o] ==> ignore
    arg [-lstdc++] ==> lib [stdc++]
    arg [-lm] ==> lib [m]
    arg [-lgcc_s] ==> lib [gcc_s]
    arg [-lgcc] ==> lib [gcc]
    arg [-lc] ==> lib [c]
    arg [-lgcc_s] ==> lib [gcc_s]
    arg [-lgcc] ==> lib [gcc]
    arg [/usr/lib/gcc/x86_64-redhat-linux/5.0.0/crtend.o] ==> ignore
    arg [/usr/lib/gcc/x86_64-redhat-linux/5.0.0/../../../../lib64/crtn.o] ==> ignore
  remove lib [gcc_s]
  remove lib [gcc]
  remove lib [gcc_s]
  remove lib [gcc]
  collapse library dir [/usr/lib/gcc/x86_64-redhat-linux/5.0.0] ==> [/usr/lib/gcc/x86_64-redhat-linux/5.0.0]
  collapse library dir [/usr/lib/gcc/x86_64-redhat-linux/5.0.0/../../../../lib64] ==> [/usr/lib64]
  collapse library dir [/lib/../lib64] ==> [/lib64]
  collapse library dir [/usr/lib/../lib64] ==> [/usr/lib64]
  collapse library dir [/usr/lib/gcc/x86_64-redhat-linux/5.0.0/../../..] ==> [/usr/lib]
  implicit libs: [stdc++;m;c]
  implicit dirs: [/usr/lib/gcc/x86_64-redhat-linux/5.0.0;/usr/lib64;/lib64;/usr/lib]
  implicit fwks: []




Detecting CXX [-std=c++14] compiler features compiled with the following output:
Change Dir: /home/jackson/code/qt/QtServer/QtServer-build/CMakeFiles/CMakeTmp

Run Build Command:"/bin/gmake" "cmTryCompileExec3239999992/fast"
/bin/gmake -f CMakeFiles/cmTryCompileExec3239999992.dir/build.make CMakeFiles/cmTryCompileExec3239999992.dir/build
gmake[1]: Entering directory '/home/jackson/code/qt/QtServer/QtServer-build/CMakeFiles/CMakeTmp'
/usr/bin/cmake -E cmake_progress_report /home/jackson/code/qt/QtServer/QtServer-build/CMakeFiles/CMakeTmp/CMakeFiles 1
Building CXX object CMakeFiles/cmTryCompileExec3239999992.dir/feature_tests.cxx.o
/bin/c++    -std=c++14 -o CMakeFiles/cmTryCompileExec3239999992.dir/feature_tests.cxx.o -c /home/jackson/code/qt/QtServer/QtServer-build/CMakeFiles/feature_tests.cxx
Linking CXX executable cmTryCompileExec3239999992
/usr/bin/cmake -E cmake_link_script CMakeFiles/cmTryCompileExec3239999992.dir/link.txt --verbose=1
/bin/c++        CMakeFiles/cmTryCompileExec3239999992.dir/feature_tests.cxx.o  -o cmTryCompileExec3239999992 -rdynamic 
gmake[1]: Leaving directory '/home/jackson/code/qt/QtServer/QtServer-build/CMakeFiles/CMakeTmp'


    Feature record: CXX_FEATURE:1cxx_aggregate_default_initializers
    Feature record: CXX_FEATURE:1cxx_alias_templates
    Feature record: CXX_FEATURE:1cxx_alignas
    Feature record: CXX_FEATURE:1cxx_alignof
    Feature record: CXX_FEATURE:1cxx_attributes
    Feature record: CXX_FEATURE:1cxx_attribute_deprecated
    Feature record: CXX_FEATURE:1cxx_auto_type
    Feature record: CXX_FEATURE:1cxx_binary_literals
    Feature record: CXX_FEATURE:1cxx_constexpr
    Feature record: CXX_FEATURE:1cxx_contextual_conversions
    Feature record: CXX_FEATURE:1cxx_decltype
    Feature record: CXX_FEATURE:1cxx_decltype_auto
    Feature record: CXX_FEATURE:1cxx_decltype_incomplete_return_types
    Feature record: CXX_FEATURE:1cxx_default_function_template_args
    Feature record: CXX_FEATURE:1cxx_defaulted_functions
    Feature record: CXX_FEATURE:1cxx_defaulted_move_initializers
    Feature record: CXX_FEATURE:1cxx_delegating_constructors
    Feature record: CXX_FEATURE:1cxx_deleted_functions
    Feature record: CXX_FEATURE:1cxx_digit_separators
    Feature record: CXX_FEATURE:1cxx_enum_forward_declarations
    Feature record: CXX_FEATURE:1cxx_explicit_conversions
    Feature record: CXX_FEATURE:1cxx_extended_friend_declarations
    Feature record: CXX_FEATURE:1cxx_extern_templates
    Feature record: CXX_FEATURE:1cxx_final
    Feature record: CXX_FEATURE:1cxx_func_identifier
    Feature record: CXX_FEATURE:1cxx_generalized_initializers
    Feature record: CXX_FEATURE:1cxx_generic_lambdas
    Feature record: CXX_FEATURE:1cxx_inheriting_constructors
    Feature record: CXX_FEATURE:1cxx_inline_namespaces
    Feature record: CXX_FEATURE:1cxx_lambdas
    Feature record: CXX_FEATURE:1cxx_lambda_init_captures
    Feature record: CXX_FEATURE:1cxx_local_type_template_args
    Feature record: CXX_FEATURE:1cxx_long_long_type
    Feature record: CXX_FEATURE:1cxx_noexcept
    Feature record: CXX_FEATURE:1cxx_nonstatic_member_init
    Feature record: CXX_FEATURE:1cxx_nullptr
    Feature record: CXX_FEATURE:1cxx_override
    Feature record: CXX_FEATURE:1cxx_range_for
    Feature record: CXX_FEATURE:1cxx_raw_string_literals
    Feature record: CXX_FEATURE:1cxx_reference_qualified_functions
    Feature record: CXX_FEATURE:1cxx_relaxed_constexpr
    Feature record: CXX_FEATURE:1cxx_return_type_deduction
    Feature record: CXX_FEATURE:1cxx_right_angle_brackets
    Feature record: CXX_FEATURE:1cxx_rvalue_references
    Feature record: CXX_FEATURE:1cxx_sizeof_member
    Feature record: CXX_FEATURE:1cxx_static_assert
    Feature record: CXX_FEATURE:1cxx_strong_enums
    Feature record: CXX_FEATURE:1cxx_template_template_parameters
    Feature record: CXX_FEATURE:1cxx_thread_local
    Feature record: CXX_FEATURE:1cxx_trailing_return_types
    Feature record: CXX_FEATURE:1cxx_unicode_literals
    Feature record: CXX_FEATURE:1cxx_uniform_initialization
    Feature record: CXX_FEATURE:1cxx_unrestricted_unions
    Feature record: CXX_FEATURE:1cxx_user_literals
    Feature record: CXX_FEATURE:1cxx_variable_templates
    Feature record: CXX_FEATURE:1cxx_variadic_macros
    Feature record: CXX_FEATURE:1cxx_variadic_templates


Detecting CXX [-std=c++11] compiler features compiled with the following output:
Change Dir: /home/jackson/code/qt/QtServer/QtServer-build/CMakeFiles/CMakeTmp

Run Build Command:"/bin/gmake" "cmTryCompileExec3137778930/fast"
/bin/gmake -f CMakeFiles/cmTryCompileExec3137778930.dir/build.make CMakeFiles/cmTryCompileExec3137778930.dir/build
gmake[1]: Entering directory '/home/jackson/code/qt/QtServer/QtServer-build/CMakeFiles/CMakeTmp'
/usr/bin/cmake -E cmake_progress_report /home/jackson/code/qt/QtServer/QtServer-build/CMakeFiles/CMakeTmp/CMakeFiles 1
Building CXX object CMakeFiles/cmTryCompileExec3137778930.dir/feature_tests.cxx.o
/bin/c++    -std=c++11 -o CMakeFiles/cmTryCompileExec3137778930.dir/feature_tests.cxx.o -c /home/jackson/code/qt/QtServer/QtServer-build/CMakeFiles/feature_tests.cxx
Linking CXX executable cmTryCompileExec3137778930
/usr/bin/cmake -E cmake_link_script CMakeFiles/cmTryCompileExec3137778930.dir/link.txt --verbose=1
/bin/c++        CMakeFiles/cmTryCompileExec3137778930.dir/feature_tests.cxx.o  -o cmTryCompileExec3137778930 -rdynamic 
gmake[1]: Leaving directory '/home/jackson/code/qt/QtServer/QtServer-build/CMakeFiles/CMakeTmp'


    Feature record: CXX_FEATURE:0cxx_aggregate_default_initializers
    Feature record: CXX_FEATURE:1cxx_alias_templates
    Feature record: CXX_FEATURE:1cxx_alignas
    Feature record: CXX_FEATURE:1cxx_alignof
    Feature record: CXX_FEATURE:1cxx_attributes
    Feature record: CXX_FEATURE:0cxx_attribute_deprecated
    Feature record: CXX_FEATURE:1cxx_auto_type
    Feature record: CXX_FEATURE:0cxx_binary_literals
    Feature record: CXX_FEATURE:1cxx_constexpr
    Feature record: CXX_FEATURE:0cxx_contextual_conversions
    Feature record: CXX_FEATURE:1cxx_decltype
    Feature record: CXX_FEATURE:0cxx_decltype_auto
    Feature record: CXX_FEATURE:1cxx_decltype_incomplete_return_types
    Feature record: CXX_FEATURE:1cxx_default_function_template_args
    Feature record: CXX_FEATURE:1cxx_defaulted_functions
    Feature record: CXX_FEATURE:1cxx_defaulted_move_initializers
    Feature record: CXX_FEATURE:1cxx_delegating_constructors
    Feature record: CXX_FEATURE:1cxx_deleted_functions
    Feature record: CXX_FEATURE:0cxx_digit_separators
    Feature record: CXX_FEATURE:1cxx_enum_forward_declarations
    Feature record: CXX_FEATURE:1cxx_explicit_conversions
    Feature record: CXX_FEATURE:1cxx_extended_friend_declarations
    Feature record: CXX_FEATURE:1cxx_extern_templates
    Feature record: CXX_FEATURE:1cxx_final
    Feature record: CXX_FEATURE:1cxx_func_identifier
    Feature record: CXX_FEATURE:1cxx_generalized_initializers
    Feature record: CXX_FEATURE:0cxx_generic_lambdas
    Feature record: CXX_FEATURE:1cxx_inheriting_constructors
    Feature record: CXX_FEATURE:1cxx_inline_namespaces
    Feature record: CXX_FEATURE:1cxx_lambdas
    Feature record: CXX_FEATURE:0cxx_lambda_init_captures
    Feature record: CXX_FEATURE:1cxx_local_type_template_args
    Feature record: CXX_FEATURE:1cxx_long_long_type
    Feature record: CXX_FEATURE:1cxx_noexcept
    Feature record: CXX_FEATURE:1cxx_nonstatic_member_init
    Feature record: CXX_FEATURE:1cxx_nullptr
    Feature record: CXX_FEATURE:1cxx_override
    Feature record: CXX_FEATURE:1cxx_range_for
    Feature record: CXX_FEATURE:1cxx_raw_string_literals
    Feature record: CXX_FEATURE:1cxx_reference_qualified_functions
    Feature record: CXX_FEATURE:0cxx_relaxed_constexpr
    Feature record: CXX_FEATURE:0cxx_return_type_deduction
    Feature record: CXX_FEATURE:1cxx_right_angle_brackets
    Feature record: CXX_FEATURE:1cxx_rvalue_references
    Feature record: CXX_FEATURE:1cxx_sizeof_member
    Feature record: CXX_FEATURE:1cxx_static_assert
    Feature record: CXX_FEATURE:1cxx_strong_enums
    Feature record: CXX_FEATURE:1cxx_template_template_parameters
    Feature record: CXX_FEATURE:1cxx_thread_local
    Feature record: CXX_FEATURE:1cxx_trailing_return_types
    Feature record: CXX_FEATURE:1cxx_unicode_literals
    Feature record: CXX_FEATURE:1cxx_uniform_initialization
    Feature record: CXX_FEATURE:1cxx_unrestricted_unions
    Feature record: CXX_FEATURE:1cxx_user_literals
    Feature record: CXX_FEATURE:0cxx_variable_templates
    Feature record: CXX_FEATURE:1cxx_variadic_macros
    Feature record: CXX_FEATURE:1cxx_variadic_templates


Detecting CXX [-std=c++98] compiler features compiled with the following output:
Change Dir: /home/jackson/code/qt/QtServer/QtServer-build/CMakeFiles/CMakeTmp

Run Build Command:"/bin/gmake" "cmTryCompileExec2908511359/fast"
/bin/gmake -f CMakeFiles/cmTryCompileExec2908511359.dir/build.make CMakeFiles/cmTryCompileExec2908511359.dir/build
gmake[1]: Entering directory '/home/jackson/code/qt/QtServer/QtServer-build/CMakeFiles/CMakeTmp'
/usr/bin/cmake -E cmake_progress_report /home/jackson/code/qt/QtServer/QtServer-build/CMakeFiles/CMakeTmp/CMakeFiles 1
Building CXX object CMakeFiles/cmTryCompileExec2908511359.dir/feature_tests.cxx.o
/bin/c++    -std=c++98 -o CMakeFiles/cmTryCompileExec2908511359.dir/feature_tests.cxx.o -c /home/jackson/code/qt/QtServer/QtServer-build/CMakeFiles/feature_tests.cxx
Linking CXX executable cmTryCompileExec2908511359
/usr/bin/cmake -E cmake_link_script CMakeFiles/cmTryCompileExec2908511359.dir/link.txt --verbose=1
/bin/c++        CMakeFiles/cmTryCompileExec2908511359.dir/feature_tests.cxx.o  -o cmTryCompileExec2908511359 -rdynamic 
gmake[1]: Leaving directory '/home/jackson/code/qt/QtServer/QtServer-build/CMakeFiles/CMakeTmp'


    Feature record: CXX_FEATURE:0cxx_aggregate_default_initializers
    Feature record: CXX_FEATURE:0cxx_alias_templates
    Feature record: CXX_FEATURE:0cxx_alignas
    Feature record: CXX_FEATURE:0cxx_alignof
    Feature record: CXX_FEATURE:0cxx_attributes
    Feature record: CXX_FEATURE:0cxx_attribute_deprecated
    Feature record: CXX_FEATURE:0cxx_auto_type
    Feature record: CXX_FEATURE:0cxx_binary_literals
    Feature record: CXX_FEATURE:0cxx_constexpr
    Feature record: CXX_FEATURE:0cxx_contextual_conversions
    Feature record: CXX_FEATURE:0cxx_decltype
    Feature record: CXX_FEATURE:0cxx_decltype_auto
    Feature record: CXX_FEATURE:0cxx_decltype_incomplete_return_types
    Feature record: CXX_FEATURE:0cxx_default_function_template_args
    Feature record: CXX_FEATURE:0cxx_defaulted_functions
    Feature record: CXX_FEATURE:0cxx_defaulted_move_initializers
    Feature record: CXX_FEATURE:0cxx_delegating_constructors
    Feature record: CXX_FEATURE:0cxx_deleted_functions
    Feature record: CXX_FEATURE:0cxx_digit_separators
    Feature record: CXX_FEATURE:0cxx_enum_forward_declarations
    Feature record: CXX_FEATURE:0cxx_explicit_conversions
    Feature record: CXX_FEATURE:0cxx_extended_friend_declarations
    Feature record: CXX_FEATURE:0cxx_extern_templates
    Feature record: CXX_FEATURE:0cxx_final
    Feature record: CXX_FEATURE:0cxx_func_identifier
    Feature record: CXX_FEATURE:0cxx_generalized_initializers
    Feature record: CXX_FEATURE:0cxx_generic_lambdas
    Feature record: CXX_FEATURE:0cxx_inheriting_constructors
    Feature record: CXX_FEATURE:0cxx_inline_namespaces
    Feature record: CXX_FEATURE:0cxx_lambdas
    Feature record: CXX_FEATURE:0cxx_lambda_init_captures
    Feature record: CXX_FEATURE:0cxx_local_type_template_args
    Feature record: CXX_FEATURE:0cxx_long_long_type
    Feature record: CXX_FEATURE:0cxx_noexcept
    Feature record: CXX_FEATURE:0cxx_nonstatic_member_init
    Feature record: CXX_FEATURE:0cxx_nullptr
    Feature record: CXX_FEATURE:0cxx_override
    Feature record: CXX_FEATURE:0cxx_range_for
    Feature record: CXX_FEATURE:0cxx_raw_string_literals
    Feature record: CXX_FEATURE:0cxx_reference_qualified_functions
    Feature record: CXX_FEATURE:0cxx_relaxed_constexpr
    Feature record: CXX_FEATURE:0cxx_return_type_deduction
    Feature record: CXX_FEATURE:0cxx_right_angle_brackets
    Feature record: CXX_FEATURE:0cxx_rvalue_references
    Feature record: CXX_FEATURE:0cxx_sizeof_member
    Feature record: CXX_FEATURE:0cxx_static_assert
    Feature record: CXX_FEATURE:0cxx_strong_enums
    Feature record: CXX_FEATURE:1cxx_template_template_parameters
    Feature record: CXX_FEATURE:0cxx_thread_local
    Feature record: CXX_FEATURE:0cxx_trailing_return_types
    Feature record: CXX_FEATURE:0cxx_unicode_literals
    Feature record: CXX_FEATURE:0cxx_uniform_initialization
    Feature record: CXX_FEATURE:0cxx_unrestricted_unions
    Feature record: CXX_FEATURE:0cxx_user_literals
    Feature record: CXX_FEATURE:0cxx_variable_templates
    Feature record: CXX_FEATURE:0cxx_variadic_macros
    Feature record: CXX_FEATURE:0cxx_variadic_templates
